2026-04-07 16:22:06 0 [Note] InnoDB: Compressed tables use zlib 1.2.11
2026-04-07 16:22:06 0 [Note] InnoDB: Number of pools: 1
2026-04-07 16:22:06 0 [Note] InnoDB: Using crc32 + pclmulqdq instructions
2026-04-07 16:22:06 0 [Note] InnoDB: Initializing buffer pool, total size = 15728640, chunk size = 15728640
2026-04-07 16:22:06 0 [Note] InnoDB: Completed initialization of buffer pool
2026-04-07 16:22:06 0 [Note] InnoDB: Resizing redo log from 100663296 to 10485760 bytes; LSN=42197
2026-04-07 16:22:06 0 [Note] InnoDB: Starting to delete and rewrite log file.
2026-04-07 16:22:06 0 [Note] InnoDB: Setting log file ./ib_logfile101 size to 10485760 bytes
2026-04-07 16:22:06 0 [Note] InnoDB: Renaming log file ./ib_logfile101 to ./ib_logfile0
2026-04-07 16:22:06 0 [Note] InnoDB: New log file created, LSN=42197
2026-04-07 16:22:06 0 [Note] InnoDB: 128 rollback segments are active.
2026-04-07 16:22:06 0 [Note] InnoDB: Creating shared tablespace for temporary tables
2026-04-07 16:22:06 0 [Note] InnoDB: Setting file './ibtmp1' size to 12 MB. Physically writing the file full; Please wait ...
2026-04-07 16:22:06 0 [Note] InnoDB: File './ibtmp1' size is now 12 MB.
2026-04-07 16:22:06 0 [Note] InnoDB: 10.6.5 started; log sequence number 42185; transaction id 14
2026-04-07 16:22:06 0 [Note] Plugin 'FEEDBACK' is disabled.
2026-04-07 16:22:06 0 [Note] InnoDB: Loading buffer pool(s) from c:\dolibarr\bin\mariadb\data\ib_buffer_pool
2026-04-07 16:22:06 0 [Warning] 'innodb-thread-concurrency' was removed. It does nothing now and exists only for compatibility with old my.cnf files.
2026-04-07 16:22:06 0 [Warning] 'innodb-thread-concurrency' was removed. It does nothing now and exists only for compatibility with old my.cnf files.
2026-04-07 16:22:06 0 [Note] Server socket created on IP: '::'.
2026-04-07 16:22:06 0 [Note] Server socket created on IP: '0.0.0.0'.
2026-04-07 16:22:06 0 [Note] InnoDB: Buffer pool(s) load completed at 260407 16:22:06
2026-04-07 16:22:06 0 [Note] c:\dolibarr\bin\mariadb\mariadb10.6.5\bin\mysqld.exe: ready for connections.
Version: '10.6.5-MariaDB'  socket: ''  port: 3306  mariadb.org binary distribution
2026-04-07 19:57:57 389 [Warning] Access denied for user 'root'@'localhost' (using password: NO)
2026-04-07 19:58:49 390 [Warning] Access denied for user 'root'@'localhost' (using password: YES)
2026-04-07 19:59:05 391 [Warning] Access denied for user 'root'@'localhost' (using password: YES)
2026-04-07 20:46:14 399 [Warning] Aborted connection 399 to db: 'unconnected' user: 'ODBC' host: 'localhost' (Got an error reading communication packets)
